<?xml version="1.0" encoding="UTF-8"?>
<testng-results ignored="0" total="1" passed="1" failed="0" skipped="0">
  <reporter-output>
  </reporter-output>
  <suite started-at="2022-07-27T08:24:33 IST" name="Default suite" finished-at="2022-07-27T08:25:35 IST" duration-ms="62283">
    <groups>
    </groups>
    <test started-at="2022-07-27T08:24:33 IST" name="Default test" finished-at="2022-07-27T08:25:35 IST" duration-ms="62283">
      <class name="com.bankingproject.testclass.TestClass_001">
        <test-method is-config="true" signature="setReport()[pri:0, instance:com.bankingproject.testclass.TestClass_001@36bc55de]" started-at="2022-07-27T08:24:32 IST" name="setReport" finished-at="2022-07-27T08:24:33 IST" duration-ms="427" status="PASS">
          <reporter-output>
          </reporter-output>
        </test-method> <!-- setReport -->
        <test-method is-config="true" signature="setup()[pri:0, instance:com.bankingproject.testclass.TestClass_001@36bc55de]" started-at="2022-07-27T08:24:33 IST" name="setup" finished-at="2022-07-27T08:25:28 IST" duration-ms="55129" status="PASS">
          <reporter-output>
          </reporter-output>
        </test-method> <!-- setup -->
        <test-method signature="loginTest()[pri:0, instance:com.bankingproject.testclass.TestClass_001@36bc55de]" started-at="2022-07-27T08:25:28 IST" name="loginTest" finished-at="2022-07-27T08:25:35 IST" duration-ms="6831" status="PASS">
          <reporter-output>
          </reporter-output>
        </test-method> <!-- loginTest -->
        <test-method is-config="true" signature="closeBrowser()[pri:0, instance:com.bankingproject.testclass.TestClass_001@36bc55de]" started-at="2022-07-27T08:25:35 IST" name="closeBrowser" finished-at="2022-07-27T08:25:35 IST" duration-ms="272" status="PASS">
          <reporter-output>
          </reporter-output>
        </test-method> <!-- closeBrowser -->
        <test-method is-config="true" signature="endReport()[pri:0, instance:com.bankingproject.testclass.TestClass_001@36bc55de]" started-at="2022-07-27T08:25:35 IST" name="endReport" finished-at="2022-07-27T08:25:36 IST" duration-ms="515" status="PASS">
          <reporter-output>
          </reporter-output>
        </test-method> <!-- endReport -->
      </class> <!-- com.bankingproject.testclass.TestClass_001 -->
    </test> <!-- Default test -->
  </suite> <!-- Default suite -->
</testng-results>
