<?xml version="1.0" encoding="UTF-8"?>
<!-- Generated by org.testng.reporters.JUnitXMLReporter -->
<testsuite ignored="0" hostname="DESKTOP-9LOH7IS" failures="0" tests="1" name="chetanbank" time="0.068" errors="0" timestamp="2022-07-22T22:44:49 IST">
  <testcase classname="com.bankingproject.pageobjectclass.BaseClass" name="@BeforeSuite setReport" time="0.038">
    <failure type="java.nio.file.InvalidPathException" message="Illegal char &amp;lt;:&amp;gt; at index 65: C:\Users\CHETAN\eclipse-workspace\chetanbank\reports2022-07-22T22:44:49.282801400.html">
      <![CDATA[java.nio.file.InvalidPathException: Illegal char <:> at index 65: C:\Users\CHETAN\eclipse-workspace\chetanbank\reports2022-07-22T22:44:49.282801400.html
at java.base/sun.nio.fs.WindowsPathParser.normalize(WindowsPathParser.java:182)
at java.base/sun.nio.fs.WindowsPathParser.parse(WindowsPathParser.java:153)
at java.base/sun.nio.fs.WindowsPathParser.parse(WindowsPathParser.java:77)
at java.base/sun.nio.fs.WindowsPath.parse(WindowsPath.java:92)
at java.base/sun.nio.fs.WindowsFileSystem.getPath(WindowsFileSystem.java:232)
at java.base/java.io.File.toPath(File.java:2396)
at com.aventstack.extentreports.reporter.AbstractFileReporter.<init>(AbstractFileReporter.java:40)
at com.aventstack.extentreports.reporter.ExtentSparkReporter.<init>(ExtentSparkReporter.java:51)
at com.bankingproject.pageobjectclass.BaseClass.setReport(BaseClass.java:37)
... Removed 17 stack frames]]>
    </failure>
  </testcase> <!-- @BeforeSuite setReport -->
  <testcase classname="com.bankingproject.pageobjectclass.BaseClass" name="@BeforeMethod setup" time="0.0">
    <skipped/>
  </testcase> <!-- @BeforeMethod setup -->
  <testcase classname="com.bankingproject.pageobjectclass.BaseClass" name="@AfterMethod closeBrowser" time="0.0">
    <skipped/>
  </testcase> <!-- @AfterMethod closeBrowser -->
  <testcase classname="com.bankingproject.testclass.TestClass_001" name="loginTest" time="0.001">
    <skipped/>
  </testcase> <!-- loginTest -->
</testsuite> <!-- chetanbank -->
